Added Component: Designator=A1(ANT-Rainsun-AN5120)
Add component. Clean all parameters for all variants
Added Component: Designator=C1(CAP_0603)
Add component. Clean all parameters for all variants
Added Component: Designator=C2(CAP_0603)
Add component. Clean all parameters for all variants
Added Component: Designator=C3(CAP_0603)
Add component. Clean all parameters for all variants
Added Component: Designator=C4(CAP_0603)
Add component. Clean all parameters for all variants
Added Component: Designator=C5(CAP_0603)
Add component. Clean all parameters for all variants
Added Component: Designator=C6(CAP_0603)
Add component. Clean all parameters for all variants
Added Component: Designator=C7(CAP_0603)
Add component. Clean all parameters for all variants
Added Component: Designator=C8(CAP_0603)
Add component. Clean all parameters for all variants
Added Component: Designator=C9(CAP_0603)
Add component. Clean all parameters for all variants
Added Component: Designator=K1(Button)
Add component. Clean all parameters for all variants
Added Component: Designator=K2(Button)
Add component. Clean all parameters for all variants
Added Component: Designator=K3(Button)
Add component. Clean all parameters for all variants
Added Component: Designator=K4(Button)
Add component. Clean all parameters for all variants
Added Component: Designator=LCD1(IPS130-12)
Add component. Clean all parameters for all variants
Added Component: Designator=R1(RES_0603)
Add component. Clean all parameters for all variants
Added Component: Designator=R2(RES_0603)
Add component. Clean all parameters for all variants
Added Component: Designator=R3(RES_0603)
Add component. Clean all parameters for all variants
Added Component: Designator=R4(RES_0603)
Add component. Clean all parameters for all variants
Added Component: Designator=R5(RES_0603)
Add component. Clean all parameters for all variants
Added Component: Designator=R6(RES_0603)
Add component. Clean all parameters for all variants
Added Component: Designator=R7(RES_0603)
Add component. Clean all parameters for all variants
Added Component: Designator=R8(RES_0603)
Add component. Clean all parameters for all variants
Added Component: Designator=R9(RES_0603)
Add component. Clean all parameters for all variants
Added Component: Designator=R10(RES_0603)
Add component. Clean all parameters for all variants
Added Component: Designator=R11(RES_0603)
Add component. Clean all parameters for all variants
Added Component: Designator=U1(ESP32-Pico)
Add component. Clean all parameters for all variants
Added Component: Designator=U2(LP2992)
Add component. Clean all parameters for all variants
Added Component: Designator=U3(CP2102)
Add component. Clean all parameters for all variants
Added Component: Designator=USB1(TYPE-C)
Add component. Clean all parameters for all variants
Added Component: Designator=VT1(s8050)
Add component. Clean all parameters for all variants
Added Component: Designator=VT2(s8050)
Add component. Clean all parameters for all variants
Added Component: Designator=VT3(s8050)
Add component. Clean all parameters for all variants
Added Pin To Net: NetName=3V3A Pin=C1-2
Added Pin To Net: NetName=3V3A Pin=C2-2
Added Pin To Net: NetName=3V3A Pin=R1-1
Added Pin To Net: NetName=3V3A Pin=R2-2
Added Pin To Net: NetName=3V3A Pin=U1-1
Added Pin To Net: NetName=3V3A Pin=U1-1
Added Pin To Net: NetName=3V3A Pin=U1-1
Added Pin To Net: NetName=3V3A Pin=U1-1
Added Pin To Net: NetName=3V3A Pin=U1-3
Added Pin To Net: NetName=3V3A Pin=U1-3
Added Pin To Net: NetName=3V3A Pin=U1-4
Added Pin To Net: NetName=3V3A Pin=U1-4
Added Pin To Net: NetName=3V3A Pin=U1-19
Added Pin To Net: NetName=3V3A Pin=U1-19
Added Pin To Net: NetName=3V3A Pin=U1-37
Added Pin To Net: NetName=3V3A Pin=U1-43
Added Pin To Net: NetName=3V3A Pin=U1-46
Added Net: Name=3V3A
Added Pin To Net: NetName=CP_Rx Pin=U1-41
Added Pin To Net: NetName=CP_Rx Pin=U3-25
Added Net: Name=CP_Rx
Added Pin To Net: NetName=CP_Tx Pin=R3-2
Added Pin To Net: NetName=CP_Tx Pin=U1-40
Added Net: Name=CP_Tx
Added Pin To Net: NetName=DTR Pin=R4-2
Added Pin To Net: NetName=DTR Pin=U3-28
Added Pin To Net: NetName=DTR Pin=VT2-2
Added Net: Name=DTR
Added Pin To Net: NetName=EN Pin=C3-2
Added Pin To Net: NetName=EN Pin=R2-1
Added Pin To Net: NetName=EN Pin=U1-9
Added Pin To Net: NetName=EN Pin=U1-9
Added Pin To Net: NetName=EN Pin=VT1-1
Added Net: Name=EN
Added Pin To Net: NetName=FLASH_CLK Pin=U1-31
Added Net: Name=FLASH_CLK
Added Pin To Net: NetName=FLASH_CS Pin=U1-25
Added Net: Name=FLASH_CS
Added Pin To Net: NetName=FLASH_SD0 Pin=U1-27
Added Net: Name=FLASH_SD0
Added Pin To Net: NetName=FLASH_SD1 Pin=U1-33
Added Net: Name=FLASH_SD1
Added Pin To Net: NetName=FLASH_SD2 Pin=U1-30
Added Net: Name=FLASH_SD2
Added Pin To Net: NetName=FLASH_SD3 Pin=U1-32
Added Net: Name=FLASH_SD3
Added Pin To Net: NetName=GND Pin=C1-1
Added Pin To Net: NetName=GND Pin=C2-1
Added Pin To Net: NetName=GND Pin=C3-1
Added Pin To Net: NetName=GND Pin=C4-2
Added Pin To Net: NetName=GND Pin=C5-2
Added Pin To Net: NetName=GND Pin=C6-2
Added Pin To Net: NetName=GND Pin=C7-2
Added Pin To Net: NetName=GND Pin=C8-2
Added Pin To Net: NetName=GND Pin=C9-2
Added Pin To Net: NetName=GND Pin=K1-3
Added Pin To Net: NetName=GND Pin=K2-3
Added Pin To Net: NetName=GND Pin=K3-3
Added Pin To Net: NetName=GND Pin=K4-3
Added Pin To Net: NetName=GND Pin=LCD1-1
Added Pin To Net: NetName=GND Pin=LCD1-5
Added Pin To Net: NetName=GND Pin=LCD1-6
Added Pin To Net: NetName=GND Pin=LCD1-12
Added Pin To Net: NetName=GND Pin=R7-2
Added Pin To Net: NetName=GND Pin=R8-1
Added Pin To Net: NetName=GND Pin=U1-0
Added Pin To Net: NetName=GND Pin=U2-2
Added Pin To Net: NetName=GND Pin=U3-0
Added Pin To Net: NetName=GND Pin=U3-3
Added Pin To Net: NetName=GND Pin=U3-3
Added Pin To Net: NetName=GND Pin=USB1-1
Added Pin To Net: NetName=GND Pin=USB1-2
Added Pin To Net: NetName=GND Pin=USB1-3
Added Pin To Net: NetName=GND Pin=USB1-4
Added Pin To Net: NetName=GND Pin=USB1-A1
Added Pin To Net: NetName=GND Pin=USB1-A12
Added Pin To Net: NetName=GND Pin=USB1-B1
Added Pin To Net: NetName=GND Pin=USB1-B12
Added Pin To Net: NetName=GND Pin=VT3-2
Added Net: Name=GND
Added Pin To Net: NetName=GPIO0 Pin=U1-23
Added Pin To Net: NetName=GPIO0 Pin=U1-23
Added Pin To Net: NetName=GPIO0 Pin=VT2-1
Added Net: Name=GPIO0
Added Pin To Net: NetName=GPIO2 Pin=U1-22
Added Pin To Net: NetName=GPIO2 Pin=U1-22
Added Net: Name=GPIO2
Added Pin To Net: NetName=GPIO4 Pin=U1-24
Added Pin To Net: NetName=GPIO4 Pin=U1-24
Added Net: Name=GPIO4
Added Pin To Net: NetName=GPIO5 Pin=U1-34
Added Net: Name=GPIO5
Added Pin To Net: NetName=GPIO9 Pin=U1-28
Added Net: Name=GPIO9
Added Pin To Net: NetName=GPIO10 Pin=U1-29
Added Net: Name=GPIO10
Added Pin To Net: NetName=GPIO12 Pin=LCD1-11
Added Pin To Net: NetName=GPIO12 Pin=U1-18
Added Pin To Net: NetName=GPIO12 Pin=U1-18
Added Net: Name=GPIO12
Added Pin To Net: NetName=GPIO13 Pin=LCD1-10
Added Pin To Net: NetName=GPIO13 Pin=U1-20
Added Pin To Net: NetName=GPIO13 Pin=U1-20
Added Net: Name=GPIO13
Added Pin To Net: NetName=GPIO14 Pin=LCD1-9
Added Pin To Net: NetName=GPIO14 Pin=U1-17
Added Pin To Net: NetName=GPIO14 Pin=U1-17
Added Net: Name=GPIO14
Added Pin To Net: NetName=GPIO15 Pin=LCD1-8
Added Pin To Net: NetName=GPIO15 Pin=U1-21
Added Pin To Net: NetName=GPIO15 Pin=U1-21
Added Net: Name=GPIO15
Added Pin To Net: NetName=GPIO18 Pin=U1-35
Added Net: Name=GPIO18
Added Pin To Net: NetName=GPIO19 Pin=K1-4
Added Pin To Net: NetName=GPIO19 Pin=U1-38
Added Net: Name=GPIO19
Added Pin To Net: NetName=GPIO21 Pin=K2-4
Added Pin To Net: NetName=GPIO21 Pin=U1-42
Added Net: Name=GPIO21
Added Pin To Net: NetName=GPIO22 Pin=K3-4
Added Pin To Net: NetName=GPIO22 Pin=U1-39
Added Net: Name=GPIO22
Added Pin To Net: NetName=GPIO23 Pin=K4-4
Added Pin To Net: NetName=GPIO23 Pin=U1-36
Added Net: Name=GPIO23
Added Pin To Net: NetName=GPIO25 Pin=LCD1-7
Added Pin To Net: NetName=GPIO25 Pin=U1-14
Added Pin To Net: NetName=GPIO25 Pin=U1-14
Added Net: Name=GPIO25
Added Pin To Net: NetName=GPIO26 Pin=R10-1
Added Pin To Net: NetName=GPIO26 Pin=U1-15
Added Pin To Net: NetName=GPIO26 Pin=U1-15
Added Net: Name=GPIO26
Added Pin To Net: NetName=GPIO27 Pin=U1-16
Added Pin To Net: NetName=GPIO27 Pin=U1-16
Added Net: Name=GPIO27
Added Pin To Net: NetName=GPIO32 Pin=U1-12
Added Pin To Net: NetName=GPIO32 Pin=U1-12
Added Net: Name=GPIO32
Added Pin To Net: NetName=GPIO33 Pin=U1-13
Added Pin To Net: NetName=GPIO33 Pin=U1-13
Added Pin To Net: NetName=GPIO33 Pin=U1-13
Added Pin To Net: NetName=GPIO33 Pin=U1-13
Added Net: Name=GPIO33
Added Pin To Net: NetName=GPIO34 Pin=U1-10
Added Pin To Net: NetName=GPIO34 Pin=U1-10
Added Net: Name=GPIO34
Added Pin To Net: NetName=GPIO35 Pin=U1-11
Added Pin To Net: NetName=GPIO35 Pin=U1-11
Added Net: Name=GPIO35
Added Pin To Net: NetName=GPIO37 Pin=U1-6
Added Pin To Net: NetName=GPIO37 Pin=U1-6
Added Net: Name=GPIO37
Added Pin To Net: NetName=GPIO38 Pin=U1-7
Added Pin To Net: NetName=GPIO38 Pin=U1-7
Added Net: Name=GPIO38
Added Pin To Net: NetName=LEDK Pin=LCD1-2
Added Pin To Net: NetName=LEDK Pin=R9-2
Added Net: Name=LEDK
Added Pin To Net: NetName=NetA1_1 Pin=A1-1
Added Pin To Net: NetName=NetA1_1 Pin=U1-2
Added Pin To Net: NetName=NetA1_1 Pin=U1-2
Added Net: Name=NetA1_1
Added Pin To Net: NetName=NetC6_1 Pin=C6-1
Added Pin To Net: NetName=NetC6_1 Pin=U2-4
Added Net: Name=NetC6_1
Added Pin To Net: NetName=NetR3_1 Pin=R3-1
Added Pin To Net: NetName=NetR3_1 Pin=U3-26
Added Net: Name=NetR3_1
Added Pin To Net: NetName=NetR4_1 Pin=R4-1
Added Pin To Net: NetName=NetR4_1 Pin=VT1-3
Added Net: Name=NetR4_1
Added Pin To Net: NetName=NetR5_1 Pin=R5-1
Added Pin To Net: NetName=NetR5_1 Pin=VT2-3
Added Net: Name=NetR5_1
Added Pin To Net: NetName=NetR6_2 Pin=R6-2
Added Pin To Net: NetName=NetR6_2 Pin=U3-9
Added Net: Name=NetR6_2
Added Pin To Net: NetName=NetR7_1 Pin=R7-1
Added Pin To Net: NetName=NetR7_1 Pin=USB1-A5
Added Net: Name=NetR7_1
Added Pin To Net: NetName=NetR8_2 Pin=R8-2
Added Pin To Net: NetName=NetR8_2 Pin=USB1-B5
Added Net: Name=NetR8_2
Added Pin To Net: NetName=NetR9_1 Pin=R9-1
Added Pin To Net: NetName=NetR9_1 Pin=VT3-1
Added Net: Name=NetR9_1
Added Pin To Net: NetName=NetR10_2 Pin=R10-2
Added Pin To Net: NetName=NetR10_2 Pin=R11-2
Added Pin To Net: NetName=NetR10_2 Pin=VT3-3
Added Net: Name=NetR10_2
Added Pin To Net: NetName=RTS Pin=R5-2
Added Pin To Net: NetName=RTS Pin=U3-24
Added Pin To Net: NetName=RTS Pin=VT1-2
Added Net: Name=RTS
Added Pin To Net: NetName=SENSOR_VN Pin=U1-8
Added Pin To Net: NetName=SENSOR_VN Pin=U1-8
Added Net: Name=SENSOR_VN
Added Pin To Net: NetName=SENSOR_VP Pin=U1-5
Added Pin To Net: NetName=SENSOR_VP Pin=U1-5
Added Net: Name=SENSOR_VP
Added Pin To Net: NetName=USB-PWR-DM Pin=U3-5
Added Pin To Net: NetName=USB-PWR-DM Pin=U3-5
Added Pin To Net: NetName=USB-PWR-DM Pin=USB1-A7
Added Pin To Net: NetName=USB-PWR-DM Pin=USB1-B7
Added Net: Name=USB-PWR-DM
Added Pin To Net: NetName=USB-PWR-DP Pin=U3-4
Added Pin To Net: NetName=USB-PWR-DP Pin=U3-4
Added Pin To Net: NetName=USB-PWR-DP Pin=USB1-A6
Added Pin To Net: NetName=USB-PWR-DP Pin=USB1-B6
Added Net: Name=USB-PWR-DP
Added Pin To Net: NetName=VBUS Pin=R6-1
Added Pin To Net: NetName=VBUS Pin=U2-1
Added Pin To Net: NetName=VBUS Pin=U2-3
Added Pin To Net: NetName=VBUS Pin=U3-7
Added Pin To Net: NetName=VBUS Pin=U3-7
Added Pin To Net: NetName=VBUS Pin=U3-8
Added Pin To Net: NetName=VBUS Pin=USB1-A4
Added Pin To Net: NetName=VBUS Pin=USB1-A9
Added Pin To Net: NetName=VBUS Pin=USB1-B4
Added Pin To Net: NetName=VBUS Pin=USB1-B9
Added Net: Name=VBUS
Added Pin To Net: NetName=VCC_3V3 Pin=C4-1
Added Pin To Net: NetName=VCC_3V3 Pin=C5-1
Added Pin To Net: NetName=VCC_3V3 Pin=C7-1
Added Pin To Net: NetName=VCC_3V3 Pin=C8-1
Added Pin To Net: NetName=VCC_3V3 Pin=C9-1
Added Pin To Net: NetName=VCC_3V3 Pin=LCD1-3
Added Pin To Net: NetName=VCC_3V3 Pin=LCD1-4
Added Pin To Net: NetName=VCC_3V3 Pin=R1-2
Added Pin To Net: NetName=VCC_3V3 Pin=R11-1
Added Pin To Net: NetName=VCC_3V3 Pin=U2-5
Added Net: Name=VCC_3V3
Added Class: Name=Main
Added Room: Name=Main
