Replace Part A1 ANT-Rainsun-AP5120 in D:\GitHub\ESP32-Pico-Pill\1.Hardware\ESP32-Pico-Pill\Main.SchDoc with ANT-Rainsun-AP5120 from ESP32-Pico-Pill.SchLib
Replace Part C1 CAP_0603_10uF in D:\GitHub\ESP32-Pico-Pill\1.Hardware\ESP32-Pico-Pill\Main.SchDoc with CAP_0603_10uF from ESP32-Pico-Pill.SchLib
Replace Part C2 CAP_0603_0.1uF in D:\GitHub\ESP32-Pico-Pill\1.Hardware\ESP32-Pico-Pill\Main.SchDoc with CAP_0603_0.1uF from ESP32-Pico-Pill.SchLib
Replace Part C3 CAP_0603_0.1uF in D:\GitHub\ESP32-Pico-Pill\1.Hardware\ESP32-Pico-Pill\Main.SchDoc with CAP_0603_0.1uF from ESP32-Pico-Pill.SchLib
Replace Part C4 CAP_0603_0.1uF in D:\GitHub\ESP32-Pico-Pill\1.Hardware\ESP32-Pico-Pill\Main.SchDoc with CAP_0603_0.1uF from ESP32-Pico-Pill.SchLib
Replace Part C5 CAP_0603_10uF in D:\GitHub\ESP32-Pico-Pill\1.Hardware\ESP32-Pico-Pill\Main.SchDoc with CAP_0603_10uF from ESP32-Pico-Pill.SchLib
Replace Part C6 CAP_0603_10nF in D:\GitHub\ESP32-Pico-Pill\1.Hardware\ESP32-Pico-Pill\Main.SchDoc with CAP_0603_10nF from ESP32-Pico-Pill.SchLib
Replace Part C7 CAP_0603_0.1uF in D:\GitHub\ESP32-Pico-Pill\1.Hardware\ESP32-Pico-Pill\Main.SchDoc with CAP_0603_0.1uF from ESP32-Pico-Pill.SchLib
Replace Part C8 CAP_0603_0.1uF in D:\GitHub\ESP32-Pico-Pill\1.Hardware\ESP32-Pico-Pill\Main.SchDoc with CAP_0603_0.1uF from ESP32-Pico-Pill.SchLib
Replace Part C9 CAP_0603_0.1uF in D:\GitHub\ESP32-Pico-Pill\1.Hardware\ESP32-Pico-Pill\Main.SchDoc with CAP_0603_0.1uF from ESP32-Pico-Pill.SchLib
Replace Part K1 Button in D:\GitHub\ESP32-Pico-Pill\1.Hardware\ESP32-Pico-Pill\Main.SchDoc with Button from ESP32-Pico-Pill.SchLib
Replace Part K2 Button in D:\GitHub\ESP32-Pico-Pill\1.Hardware\ESP32-Pico-Pill\Main.SchDoc with Button from ESP32-Pico-Pill.SchLib
Replace Part K3 Button in D:\GitHub\ESP32-Pico-Pill\1.Hardware\ESP32-Pico-Pill\Main.SchDoc with Button from ESP32-Pico-Pill.SchLib
Replace Part K4 Button in D:\GitHub\ESP32-Pico-Pill\1.Hardware\ESP32-Pico-Pill\Main.SchDoc with Button from ESP32-Pico-Pill.SchLib
Replace Part LCD1 1.47LCD in D:\GitHub\ESP32-Pico-Pill\1.Hardware\ESP32-Pico-Pill\Main.SchDoc with 1.47LCD from ESP32-Pico-Pill.SchLib
Replace Part R1 RES_0603_0R in D:\GitHub\ESP32-Pico-Pill\1.Hardware\ESP32-Pico-Pill\Main.SchDoc with RES_0603_0R from ESP32-Pico-Pill.SchLib
Replace Part R2 RES_0603_10K in D:\GitHub\ESP32-Pico-Pill\1.Hardware\ESP32-Pico-Pill\Main.SchDoc with RES_0603_10K from ESP32-Pico-Pill.SchLib
Replace Part R3 RES_0603_200R in D:\GitHub\ESP32-Pico-Pill\1.Hardware\ESP32-Pico-Pill\Main.SchDoc with RES_0603_200R from ESP32-Pico-Pill.SchLib
Replace Part R4 RES_0603_12K in D:\GitHub\ESP32-Pico-Pill\1.Hardware\ESP32-Pico-Pill\Main.SchDoc with RES_0603_12K from ESP32-Pico-Pill.SchLib
Replace Part R5 RES_0603_12K in D:\GitHub\ESP32-Pico-Pill\1.Hardware\ESP32-Pico-Pill\Main.SchDoc with RES_0603_12K from ESP32-Pico-Pill.SchLib
Replace Part R6 RES_0603_10K in D:\GitHub\ESP32-Pico-Pill\1.Hardware\ESP32-Pico-Pill\Main.SchDoc with RES_0603_10K from ESP32-Pico-Pill.SchLib
Replace Part R7 RES_0603_5.1K in D:\GitHub\ESP32-Pico-Pill\1.Hardware\ESP32-Pico-Pill\Main.SchDoc with RES_0603_5.1K from ESP32-Pico-Pill.SchLib
Replace Part R8 RES_0603_5.1K in D:\GitHub\ESP32-Pico-Pill\1.Hardware\ESP32-Pico-Pill\Main.SchDoc with RES_0603_5.1K from ESP32-Pico-Pill.SchLib
Replace Part R9 RES_0603_10R in D:\GitHub\ESP32-Pico-Pill\1.Hardware\ESP32-Pico-Pill\Main.SchDoc with RES_0603_10R from ESP32-Pico-Pill.SchLib
Replace Part R10 RES_0603_1K in D:\GitHub\ESP32-Pico-Pill\1.Hardware\ESP32-Pico-Pill\Main.SchDoc with RES_0603_1K from ESP32-Pico-Pill.SchLib
Replace Part R11 RES_0603_10K in D:\GitHub\ESP32-Pico-Pill\1.Hardware\ESP32-Pico-Pill\Main.SchDoc with RES_0603_10K from ESP32-Pico-Pill.SchLib
Replace Part U1 ESP32-Pico-D4 in D:\GitHub\ESP32-Pico-Pill\1.Hardware\ESP32-Pico-Pill\Main.SchDoc with ESP32-Pico-D4 from ESP32-Pico-Pill.SchLib
Replace Part U2 LP2992_3.3v in D:\GitHub\ESP32-Pico-Pill\1.Hardware\ESP32-Pico-Pill\Main.SchDoc with LP2992_3.3v from ESP32-Pico-Pill.SchLib
Replace Part U3 CP2102 in D:\GitHub\ESP32-Pico-Pill\1.Hardware\ESP32-Pico-Pill\Main.SchDoc with CP2102 from ESP32-Pico-Pill.SchLib
Replace Part USB1 TYPE-C in D:\GitHub\ESP32-Pico-Pill\1.Hardware\ESP32-Pico-Pill\Main.SchDoc with TYPE-C from ESP32-Pico-Pill.SchLib
Replace Part VT1 S8050 in D:\GitHub\ESP32-Pico-Pill\1.Hardware\ESP32-Pico-Pill\Main.SchDoc with S8050 from ESP32-Pico-Pill.SchLib
Replace Part VT2 S8050 in D:\GitHub\ESP32-Pico-Pill\1.Hardware\ESP32-Pico-Pill\Main.SchDoc with S8050 from ESP32-Pico-Pill.SchLib
Replace Part VT3 S8050 in D:\GitHub\ESP32-Pico-Pill\1.Hardware\ESP32-Pico-Pill\Main.SchDoc with S8050 from ESP32-Pico-Pill.SchLib
